c:\users\laix\desktop\tasks\clearn\git_render_sdl\arender_sdl\arender_sdl\x64\debug\vc143.pdb
c:\users\laix\desktop\tasks\clearn\git_render_sdl\arender_sdl\arender_sdl\x64\debug\vc143.idb
c:\users\laix\desktop\tasks\clearn\git_render_sdl\arender_sdl\arender_sdl\x64\debug\apllication.nativecodeanalysis.sarif
c:\users\laix\desktop\tasks\clearn\git_render_sdl\arender_sdl\arender_sdl\x64\debug\apllication.nativecodeanalysis.xml
c:\users\laix\desktop\tasks\clearn\git_render_sdl\arender_sdl\arender_sdl\x64\debug\buffer.nativecodeanalysis.sarif
c:\users\laix\desktop\tasks\clearn\git_render_sdl\arender_sdl\arender_sdl\x64\debug\buffer.nativecodeanalysis.xml
c:\users\laix\desktop\tasks\clearn\git_render_sdl\arender_sdl\arender_sdl\x64\debug\camera.nativecodeanalysis.sarif
c:\users\laix\desktop\tasks\clearn\git_render_sdl\arender_sdl\arender_sdl\x64\debug\camera.nativecodeanalysis.xml
c:\users\laix\desktop\tasks\clearn\git_render_sdl\arender_sdl\arender_sdl\x64\debug\color.nativecodeanalysis.sarif
c:\users\laix\desktop\tasks\clearn\git_render_sdl\arender_sdl\arender_sdl\x64\debug\color.nativecodeanalysis.xml
c:\users\laix\desktop\tasks\clearn\git_render_sdl\arender_sdl\arender_sdl\x64\debug\displayhandler.nativecodeanalysis.sarif
c:\users\laix\desktop\tasks\clearn\git_render_sdl\arender_sdl\arender_sdl\x64\debug\displayhandler.nativecodeanalysis.xml
c:\users\laix\desktop\tasks\clearn\git_render_sdl\arender_sdl\arender_sdl\x64\debug\geometry.nativecodeanalysis.sarif
c:\users\laix\desktop\tasks\clearn\git_render_sdl\arender_sdl\arender_sdl\x64\debug\geometry.nativecodeanalysis.xml
c:\users\laix\desktop\tasks\clearn\git_render_sdl\arender_sdl\arender_sdl\x64\debug\inputhandler.nativecodeanalysis.sarif
c:\users\laix\desktop\tasks\clearn\git_render_sdl\arender_sdl\arender_sdl\x64\debug\inputhandler.nativecodeanalysis.xml
c:\users\laix\desktop\tasks\clearn\git_render_sdl\arender_sdl\arender_sdl\x64\debug\main.nativecodeanalysis.sarif
c:\users\laix\desktop\tasks\clearn\git_render_sdl\arender_sdl\arender_sdl\x64\debug\main.nativecodeanalysis.xml
c:\users\laix\desktop\tasks\clearn\git_render_sdl\arender_sdl\arender_sdl\x64\debug\material.nativecodeanalysis.sarif
c:\users\laix\desktop\tasks\clearn\git_render_sdl\arender_sdl\arender_sdl\x64\debug\material.nativecodeanalysis.xml
c:\users\laix\desktop\tasks\clearn\git_render_sdl\arender_sdl\arender_sdl\x64\debug\math.nativecodeanalysis.sarif
c:\users\laix\desktop\tasks\clearn\git_render_sdl\arender_sdl\arender_sdl\x64\debug\math.nativecodeanalysis.xml
c:\users\laix\desktop\tasks\clearn\git_render_sdl\arender_sdl\arender_sdl\x64\debug\mesh.nativecodeanalysis.sarif
c:\users\laix\desktop\tasks\clearn\git_render_sdl\arender_sdl\arender_sdl\x64\debug\mesh.nativecodeanalysis.xml
c:\users\laix\desktop\tasks\clearn\git_render_sdl\arender_sdl\arender_sdl\x64\debug\model.nativecodeanalysis.sarif
c:\users\laix\desktop\tasks\clearn\git_render_sdl\arender_sdl\arender_sdl\x64\debug\model.nativecodeanalysis.xml
c:\users\laix\desktop\tasks\clearn\git_render_sdl\arender_sdl\arender_sdl\x64\debug\object.nativecodeanalysis.sarif
c:\users\laix\desktop\tasks\clearn\git_render_sdl\arender_sdl\arender_sdl\x64\debug\object.nativecodeanalysis.xml
c:\users\laix\desktop\tasks\clearn\git_render_sdl\arender_sdl\arender_sdl\x64\debug\rasterization.nativecodeanalysis.sarif
c:\users\laix\desktop\tasks\clearn\git_render_sdl\arender_sdl\arender_sdl\x64\debug\rasterization.nativecodeanalysis.xml
c:\users\laix\desktop\tasks\clearn\git_render_sdl\arender_sdl\arender_sdl\x64\debug\renderhandler.nativecodeanalysis.sarif
c:\users\laix\desktop\tasks\clearn\git_render_sdl\arender_sdl\arender_sdl\x64\debug\renderhandler.nativecodeanalysis.xml
c:\users\laix\desktop\tasks\clearn\git_render_sdl\arender_sdl\arender_sdl\x64\debug\scene.nativecodeanalysis.sarif
c:\users\laix\desktop\tasks\clearn\git_render_sdl\arender_sdl\arender_sdl\x64\debug\scene.nativecodeanalysis.xml
c:\users\laix\desktop\tasks\clearn\git_render_sdl\arender_sdl\arender_sdl\x64\debug\scenehandler.nativecodeanalysis.sarif
c:\users\laix\desktop\tasks\clearn\git_render_sdl\arender_sdl\arender_sdl\x64\debug\scenehandler.nativecodeanalysis.xml
c:\users\laix\desktop\tasks\clearn\git_render_sdl\arender_sdl\arender_sdl\x64\debug\shader.nativecodeanalysis.sarif
c:\users\laix\desktop\tasks\clearn\git_render_sdl\arender_sdl\arender_sdl\x64\debug\shader.nativecodeanalysis.xml
c:\users\laix\desktop\tasks\clearn\git_render_sdl\arender_sdl\arender_sdl\x64\debug\texture.nativecodeanalysis.sarif
c:\users\laix\desktop\tasks\clearn\git_render_sdl\arender_sdl\arender_sdl\x64\debug\texture.nativecodeanalysis.xml
c:\users\laix\desktop\tasks\clearn\git_render_sdl\arender_sdl\arender_sdl\x64\debug\tgaimage.nativecodeanalysis.sarif
c:\users\laix\desktop\tasks\clearn\git_render_sdl\arender_sdl\arender_sdl\x64\debug\tgaimage.nativecodeanalysis.xml
c:\users\laix\desktop\tasks\clearn\git_render_sdl\arender_sdl\arender_sdl\x64\debug\tgaimage.obj
c:\users\laix\desktop\tasks\clearn\git_render_sdl\arender_sdl\arender_sdl\x64\debug\texture.obj
c:\users\laix\desktop\tasks\clearn\git_render_sdl\arender_sdl\arender_sdl\x64\debug\shader.obj
c:\users\laix\desktop\tasks\clearn\git_render_sdl\arender_sdl\arender_sdl\x64\debug\scenehandler.obj
c:\users\laix\desktop\tasks\clearn\git_render_sdl\arender_sdl\arender_sdl\x64\debug\scene.obj
c:\users\laix\desktop\tasks\clearn\git_render_sdl\arender_sdl\arender_sdl\x64\debug\renderhandler.obj
c:\users\laix\desktop\tasks\clearn\git_render_sdl\arender_sdl\arender_sdl\x64\debug\rasterization.obj
c:\users\laix\desktop\tasks\clearn\git_render_sdl\arender_sdl\arender_sdl\x64\debug\object.obj
c:\users\laix\desktop\tasks\clearn\git_render_sdl\arender_sdl\arender_sdl\x64\debug\model.obj
c:\users\laix\desktop\tasks\clearn\git_render_sdl\arender_sdl\arender_sdl\x64\debug\mesh.obj
c:\users\laix\desktop\tasks\clearn\git_render_sdl\arender_sdl\arender_sdl\x64\debug\math.obj
c:\users\laix\desktop\tasks\clearn\git_render_sdl\arender_sdl\arender_sdl\x64\debug\material.obj
c:\users\laix\desktop\tasks\clearn\git_render_sdl\arender_sdl\arender_sdl\x64\debug\main.obj
c:\users\laix\desktop\tasks\clearn\git_render_sdl\arender_sdl\arender_sdl\x64\debug\inputhandler.obj
c:\users\laix\desktop\tasks\clearn\git_render_sdl\arender_sdl\arender_sdl\x64\debug\geometry.obj
c:\users\laix\desktop\tasks\clearn\git_render_sdl\arender_sdl\arender_sdl\x64\debug\displayhandler.obj
c:\users\laix\desktop\tasks\clearn\git_render_sdl\arender_sdl\arender_sdl\x64\debug\color.obj
c:\users\laix\desktop\tasks\clearn\git_render_sdl\arender_sdl\arender_sdl\x64\debug\camera.obj
c:\users\laix\desktop\tasks\clearn\git_render_sdl\arender_sdl\arender_sdl\x64\debug\buffer.obj
c:\users\laix\desktop\tasks\clearn\git_render_sdl\arender_sdl\arender_sdl\x64\debug\apllication.obj
c:\users\laix\desktop\tasks\clearn\git_render_sdl\arender_sdl\arender_sdl\x64\debug\arender_sdl.ilk
c:\users\laix\desktop\tasks\clearn\git_render_sdl\arender_sdl\x64\debug\arender_sdl.exe
c:\users\laix\desktop\tasks\clearn\git_render_sdl\arender_sdl\x64\debug\arender_sdl.pdb
c:\users\laix\desktop\tasks\clearn\git_render_sdl\arender_sdl\arender_sdl\x64\debug\arender_sdl.res
c:\users\laix\desktop\tasks\clearn\git_render_sdl\arender_sdl\arender_sdl\x64\debug\vc.nativecodeanalysis.all.xml
c:\users\laix\desktop\tasks\clearn\git_render_sdl\arender_sdl\arender_sdl\x64\debug\arender_sdl.tlog\cl.command.1.tlog
c:\users\laix\desktop\tasks\clearn\git_render_sdl\arender_sdl\arender_sdl\x64\debug\arender_sdl.tlog\cl.items.tlog
c:\users\laix\desktop\tasks\clearn\git_render_sdl\arender_sdl\arender_sdl\x64\debug\arender_sdl.tlog\cl.read.1.tlog
c:\users\laix\desktop\tasks\clearn\git_render_sdl\arender_sdl\arender_sdl\x64\debug\arender_sdl.tlog\cl.write.1.tlog
c:\users\laix\desktop\tasks\clearn\git_render_sdl\arender_sdl\arender_sdl\x64\debug\arender_sdl.tlog\link.command.1.tlog
c:\users\laix\desktop\tasks\clearn\git_render_sdl\arender_sdl\arender_sdl\x64\debug\arender_sdl.tlog\link.read.1.tlog
c:\users\laix\desktop\tasks\clearn\git_render_sdl\arender_sdl\arender_sdl\x64\debug\arender_sdl.tlog\link.write.1.tlog
c:\users\laix\desktop\tasks\clearn\git_render_sdl\arender_sdl\arender_sdl\x64\debug\arender_sdl.tlog\rc.command.1.tlog
c:\users\laix\desktop\tasks\clearn\git_render_sdl\arender_sdl\arender_sdl\x64\debug\arender_sdl.tlog\rc.read.1.tlog
c:\users\laix\desktop\tasks\clearn\git_render_sdl\arender_sdl\arender_sdl\x64\debug\arender_sdl.tlog\rc.write.1.tlog
